  adaptive_moment_estimation_test.cpp
  bounding_layer_test.cpp
  conjugate_gradient_test.cpp
  convolutional_layer_test.cpp
  correlations_test.cpp
  cross_entropy_error_3d_test.cpp
  cross_entropy_error_test.cpp
  data_set_test.cpp
  flatten_layer_test.cpp
  genetic_algorithm_test.cpp
C:\Program Files\Microsoft Visual Studio\2022\Community\VC\Tools\MSVC\14.38.33130\include\xutility(5995,29): warning C4805: '==': unsafe mix of type 'bool' and type 'const _Ty' in operation
C:\Program Files\Microsoft Visual Studio\2022\Community\VC\Tools\MSVC\14.38.33130\include\xutility(5995,29): warning C4805:         with
C:\Program Files\Microsoft Visual Studio\2022\Community\VC\Tools\MSVC\14.38.33130\include\xutility(5995,29): warning C4805:         [
C:\Program Files\Microsoft Visual Studio\2022\Community\VC\Tools\MSVC\14.38.33130\include\xutility(5995,29): warning C4805:             _Ty=int
C:\Program Files\Microsoft Visual Studio\2022\Community\VC\Tools\MSVC\14.38.33130\include\xutility(5995,29): warning C4805:         ]
  (compiling source file '../tests/genetic_algorithm_test.cpp')
  C:\Program Files\Microsoft Visual Studio\2022\Community\VC\Tools\MSVC\14.38.33130\include\xutility(5995,29):
  the template instantiation context (the oldest one first) is
  	C:\Users\sanch\Desktop\refactor\opennn\tests\genetic_algorithm_test.cpp(215,18):
  	see reference to function template instantiation '__int64 std::count<bool*,int>(const _InIt,const _InIt,const _Ty &)' being compiled
          with
          [
              _InIt=bool *,
              _Ty=int
          ]
  
C:\Program Files\Microsoft Visual Studio\2022\Community\VC\Tools\MSVC\14.38.33130\include\xutility(5747,28): warning C4805: '==': unsafe mix of type 'const _Ty' and type 'bool' in operation
C:\Program Files\Microsoft Visual Studio\2022\Community\VC\Tools\MSVC\14.38.33130\include\xutility(5747,28): warning C4805:         with
C:\Program Files\Microsoft Visual Studio\2022\Community\VC\Tools\MSVC\14.38.33130\include\xutility(5747,28): warning C4805:         [
C:\Program Files\Microsoft Visual Studio\2022\Community\VC\Tools\MSVC\14.38.33130\include\xutility(5747,28): warning C4805:             _Ty=int
C:\Program Files\Microsoft Visual Studio\2022\Community\VC\Tools\MSVC\14.38.33130\include\xutility(5747,28): warning C4805:         ]
  (compiling source file '../tests/genetic_algorithm_test.cpp')
  C:\Program Files\Microsoft Visual Studio\2022\Community\VC\Tools\MSVC\14.38.33130\include\xutility(5747,28):
  the template instantiation context (the oldest one first) is
  	C:\Users\sanch\Desktop\refactor\opennn\tests\genetic_algorithm_test.cpp(215,18):
  	see reference to function template instantiation '__int64 std::count<bool*,int>(const _InIt,const _InIt,const _Ty &)' being compiled
          with
          [
              _InIt=bool *,
              _Ty=int
          ]
  	C:\Program Files\Microsoft Visual Studio\2022\Community\VC\Tools\MSVC\14.38.33130\include\xutility(5982,27):
  	see reference to function template instantiation 'bool std::_Could_compare_equal_to_value_type<_InIt,_Ty>(const _Ty &)' being compiled
          with
          [
              _InIt=bool *,
              _Ty=int
          ]
  
  gradient_descent_test.cpp
  growing_inputs_test.cpp
  growing_neurons_test.cpp
  inputs_selection_test.cpp
  learning_rate_algorithm_test.cpp
  levenberg_marquardt_algorithm_test.cpp
  long_short_term_memory_layer_test.cpp
  main.cpp
  mean_squared_error_test.cpp
  minkowski_error_test.cpp
  Generating Code...
  Compiling...
  model_selection_test.cpp
  neural_network_test.cpp
  neurons_selection_test.cpp
  normalized_squared_error_test.cpp
  numerical_differentiation_test.cpp
  perceptron_layer_test.cpp
  pooling_layer_test.cpp
  probabilistic_layer_test.cpp
  quasi_newton_method_test.cpp
  recurrent_layer_test.cpp
  response_optimization_test.cpp
C:\Users\sanch\Desktop\refactor\opennn\tests\response_optimization_test.cpp(112,19): warning C4804: '<=': unsafe use of type 'bool' in operation
C:\Users\sanch\Desktop\refactor\opennn\tests\response_optimization_test.cpp(126,19): warning C4804: '<=': unsafe use of type 'bool' in operation
C:\Users\sanch\Desktop\refactor\opennn\tests\response_optimization_test.cpp(127,20): warning C4804: '<=': unsafe use of type 'bool' in operation
C:\Users\sanch\Desktop\refactor\opennn\tests\response_optimization_test.cpp(146,19): warning C4804: '<=': unsafe use of type 'bool' in operation
  scaling_layer_test.cpp
  scaling_test.cpp
  statistics_test.cpp
  stochastic_gradient_descent_test.cpp
  sum_squared_error_test.cpp
  tensor_utilities_test.cpp
  testing_analysis_test.cpp
  training_strategy_test.cpp
  unscaling_layer_test.cpp
  Generating Code...
  Compiling...
  weighted_squared_error_test.cpp
  adaptive_moment_estimation_test.h
  bounding_layer_test.h
  conjugate_gradient_test.h
  convolutional_layer_test.h
  correlations_test.h
  cross_entropy_error_3d_test.h
  cross_entropy_error_test.h
  data_set_test.h
  flatten_layer_test.h
  genetic_algorithm_test.h
  gradient_descent_test.h
  growing_inputs_test.h
  growing_neurons_test.h
  inputs_selection_test.h
  learning_rate_algorithm_test.h
  levenberg_marquardt_algorithm_test.h
  long_short_term_memory_layer_test.h
  mean_squared_error_test.h
  minkowski_error_test.h
  Generating Code...
  Compiling...
  model_selection_test.h
  neural_network_test.h
  neurons_selection_test.h
  normalized_squared_error_test.h
  numerical_differentiation_test.h
  perceptron_layer_test.h
  pooling_layer_test.h
  probabilistic_layer_test.h
  quasi_newton_method_test.h
  recurrent_layer_test.h
  response_optimization_test.h
  scaling_layer_test.h
  scaling_test.h
  statistics_test.h
  stochastic_gradient_descent_test.h
  sum_squared_error_test.h
  tensor_utilities_test.h
  testing_analysis_test.h
  training_strategy_test.h
  unscaling_layer_test.h
  Generating Code...
  Compiling...
  weighted_squared_error_test.h
  Generating Code...
release\adaptive_moment_estimation_test.obj : warning LNK4042: object specified more than once; extras ignored
release\bounding_layer_test.obj : warning LNK4042: object specified more than once; extras ignored
release\conjugate_gradient_test.obj : warning LNK4042: object specified more than once; extras ignored
release\convolutional_layer_test.obj : warning LNK4042: object specified more than once; extras ignored
release\correlations_test.obj : warning LNK4042: object specified more than once; extras ignored
release\cross_entropy_error_3d_test.obj : warning LNK4042: object specified more than once; extras ignored
release\cross_entropy_error_test.obj : warning LNK4042: object specified more than once; extras ignored
release\data_set_test.obj : warning LNK4042: object specified more than once; extras ignored
release\flatten_layer_test.obj : warning LNK4042: object specified more than once; extras ignored
release\genetic_algorithm_test.obj : warning LNK4042: object specified more than once; extras ignored
release\gradient_descent_test.obj : warning LNK4042: object specified more than once; extras ignored
release\growing_inputs_test.obj : warning LNK4042: object specified more than once; extras ignored
release\growing_neurons_test.obj : warning LNK4042: object specified more than once; extras ignored
release\inputs_selection_test.obj : warning LNK4042: object specified more than once; extras ignored
release\learning_rate_algorithm_test.obj : warning LNK4042: object specified more than once; extras ignored
release\levenberg_marquardt_algorithm_test.obj : warning LNK4042: object specified more than once; extras ignored
release\long_short_term_memory_layer_test.obj : warning LNK4042: object specified more than once; extras ignored
release\mean_squared_error_test.obj : warning LNK4042: object specified more than once; extras ignored
release\minkowski_error_test.obj : warning LNK4042: object specified more than once; extras ignored
release\model_selection_test.obj : warning LNK4042: object specified more than once; extras ignored
release\neural_network_test.obj : warning LNK4042: object specified more than once; extras ignored
release\neurons_selection_test.obj : warning LNK4042: object specified more than once; extras ignored
release\normalized_squared_error_test.obj : warning LNK4042: object specified more than once; extras ignored
release\numerical_differentiation_test.obj : warning LNK4042: object specified more than once; extras ignored
release\perceptron_layer_test.obj : warning LNK4042: object specified more than once; extras ignored
release\pooling_layer_test.obj : warning LNK4042: object specified more than once; extras ignored
release\probabilistic_layer_test.obj : warning LNK4042: object specified more than once; extras ignored
release\quasi_newton_method_test.obj : warning LNK4042: object specified more than once; extras ignored
release\recurrent_layer_test.obj : warning LNK4042: object specified more than once; extras ignored
release\response_optimization_test.obj : warning LNK4042: object specified more than once; extras ignored
release\scaling_layer_test.obj : warning LNK4042: object specified more than once; extras ignored
release\scaling_test.obj : warning LNK4042: object specified more than once; extras ignored
release\statistics_test.obj : warning LNK4042: object specified more than once; extras ignored
release\stochastic_gradient_descent_test.obj : warning LNK4042: object specified more than once; extras ignored
release\sum_squared_error_test.obj : warning LNK4042: object specified more than once; extras ignored
release\tensor_utilities_test.obj : warning LNK4042: object specified more than once; extras ignored
release\testing_analysis_test.obj : warning LNK4042: object specified more than once; extras ignored
release\training_strategy_test.obj : warning LNK4042: object specified more than once; extras ignored
release\unscaling_layer_test.obj : warning LNK4042: object specified more than once; extras ignored
release\weighted_squared_error_test.obj : warning LNK4042: object specified more than once; extras ignored
main.obj : error LNK2019: unresolved external symbol "public: __int64 __cdecl UnitTesting::get_tests_count(void)const " (?get_tests_count@UnitTesting@@QEBA_JXZ) referenced in function main
main.obj : error LNK2019: unresolved external symbol "public: __int64 __cdecl UnitTesting::get_tests_passed_count(void)const " (?get_tests_passed_count@UnitTesting@@QEBA_JXZ) referenced in function main
main.obj : error LNK2019: unresolved external symbol "public: __int64 __cdecl UnitTesting::get_tests_failed_count(void)const " (?get_tests_failed_count@UnitTesting@@QEBA_JXZ) referenced in function main
main.obj : error LNK2019: unresolved external symbol "public: __cdecl StatisticsTest::StatisticsTest(void)" (??0StatisticsTest@@QEAA@XZ) referenced in function main
main.obj : error LNK2019: unresolved external symbol "public: virtual __cdecl StatisticsTest::~StatisticsTest(void)" (??1StatisticsTest@@UEAA@XZ) referenced in function main
main.obj : error LNK2019: unresolved external symbol "public: virtual void __cdecl StatisticsTest::run_test_case(void)" (?run_test_case@StatisticsTest@@UEAAXXZ) referenced in function main
main.obj : error LNK2019: unresolved external symbol "public: __cdecl NumericalDifferentiationTest::NumericalDifferentiationTest(void)" (??0NumericalDifferentiationTest@@QEAA@XZ) referenced in function main
main.obj : error LNK2019: unresolved external symbol "public: virtual __cdecl NumericalDifferentiationTest::~NumericalDifferentiationTest(void)" (??1NumericalDifferentiationTest@@UEAA@XZ) referenced in function main
main.obj : error LNK2019: unresolved external symbol "public: virtual void __cdecl NumericalDifferentiationTest::run_test_case(void)" (?run_test_case@NumericalDifferentiationTest@@UEAAXXZ) referenced in function main
main.obj : error LNK2019: unresolved external symbol "public: __cdecl ScalingTest::ScalingTest(void)" (??0ScalingTest@@QEAA@XZ) referenced in function main
main.obj : error LNK2019: unresolved external symbol "public: virtual __cdecl ScalingTest::~ScalingTest(void)" (??1ScalingTest@@UEAA@XZ) referenced in function main
main.obj : error LNK2019: unresolved external symbol "public: virtual void __cdecl ScalingTest::run_test_case(void)" (?run_test_case@ScalingTest@@UEAAXXZ) referenced in function main
main.obj : error LNK2019: unresolved external symbol "public: __cdecl DataSetTest::DataSetTest(void)" (??0DataSetTest@@QEAA@XZ) referenced in function main
main.obj : error LNK2019: unresolved external symbol "public: virtual __cdecl DataSetTest::~DataSetTest(void)" (??1DataSetTest@@UEAA@XZ) referenced in function main
main.obj : error LNK2019: unresolved external symbol "public: virtual void __cdecl DataSetTest::run_test_case(void)" (?run_test_case@DataSetTest@@UEAAXXZ) referenced in function main
main.obj : error LNK2019: unresolved external symbol "public: __cdecl PerceptronLayerTest::PerceptronLayerTest(void)" (??0PerceptronLayerTest@@QEAA@XZ) referenced in function main
main.obj : error LNK2019: unresolved external symbol "public: virtual __cdecl PerceptronLayerTest::~PerceptronLayerTest(void)" (??1PerceptronLayerTest@@UEAA@XZ) referenced in function main
main.obj : error LNK2019: unresolved external symbol "public: virtual void __cdecl PerceptronLayerTest::run_test_case(void)" (?run_test_case@PerceptronLayerTest@@UEAAXXZ) referenced in function main
main.obj : error LNK2019: unresolved external symbol "public: __cdecl ConvolutionalLayerTest::ConvolutionalLayerTest(void)" (??0ConvolutionalLayerTest@@QEAA@XZ) referenced in function main
main.obj : error LNK2019: unresolved external symbol "public: virtual __cdecl ConvolutionalLayerTest::~ConvolutionalLayerTest(void)" (??1ConvolutionalLayerTest@@UEAA@XZ) referenced in function main
main.obj : error LNK2019: unresolved external symbol "public: virtual void __cdecl ConvolutionalLayerTest::run_test_case(void)" (?run_test_case@ConvolutionalLayerTest@@UEAAXXZ) referenced in function main
main.obj : error LNK2019: unresolved external symbol "public: __cdecl PoolingLayerTest::PoolingLayerTest(void)" (??0PoolingLayerTest@@QEAA@XZ) referenced in function main
main.obj : error LNK2019: unresolved external symbol "public: virtual __cdecl PoolingLayerTest::~PoolingLayerTest(void)" (??1PoolingLayerTest@@UEAA@XZ) referenced in function main
main.obj : error LNK2019: unresolved external symbol "public: virtual void __cdecl PoolingLayerTest::run_test_case(void)" (?run_test_case@PoolingLayerTest@@UEAAXXZ) referenced in function main
main.obj : error LNK2019: unresolved external symbol "public: __cdecl FlattenLayerTest::FlattenLayerTest(void)" (??0FlattenLayerTest@@QEAA@XZ) referenced in function main
main.obj : error LNK2019: unresolved external symbol "public: virtual __cdecl FlattenLayerTest::~FlattenLayerTest(void)" (??1FlattenLayerTest@@UEAA@XZ) referenced in function main
main.obj : error LNK2019: unresolved external symbol "public: virtual void __cdecl FlattenLayerTest::run_test_case(void)" (?run_test_case@FlattenLayerTest@@UEAAXXZ) referenced in function main
main.obj : error LNK2019: unresolved external symbol "public: __cdecl ScalingLayerTest::ScalingLayerTest(void)" (??0ScalingLayerTest@@QEAA@XZ) referenced in function main
main.obj : error LNK2019: unresolved external symbol "public: virtual __cdecl ScalingLayerTest::~ScalingLayerTest(void)" (??1ScalingLayerTest@@UEAA@XZ) referenced in function main
main.obj : error LNK2019: unresolved external symbol "public: virtual void __cdecl ScalingLayerTest::run_test_case(void)" (?run_test_case@ScalingLayerTest@@UEAAXXZ) referenced in function main
main.obj : error LNK2019: unresolved external symbol "public: __cdecl UnscalingLayerTest::UnscalingLayerTest(void)" (??0UnscalingLayerTest@@QEAA@XZ) referenced in function main
main.obj : error LNK2019: unresolved external symbol "public: virtual __cdecl UnscalingLayerTest::~UnscalingLayerTest(void)" (??1UnscalingLayerTest@@UEAA@XZ) referenced in function main
main.obj : error LNK2019: unresolved external symbol "public: virtual void __cdecl UnscalingLayerTest::run_test_case(void)" (?run_test_case@UnscalingLayerTest@@UEAAXXZ) referenced in function main
main.obj : error LNK2019: unresolved external symbol "public: __cdecl BoundingLayerTest::BoundingLayerTest(void)" (??0BoundingLayerTest@@QEAA@XZ) referenced in function main
main.obj : error LNK2019: unresolved external symbol "public: virtual __cdecl BoundingLayerTest::~BoundingLayerTest(void)" (??1BoundingLayerTest@@UEAA@XZ) referenced in function main
main.obj : error LNK2019: unresolved external symbol "public: virtual void __cdecl BoundingLayerTest::run_test_case(void)" (?run_test_case@BoundingLayerTest@@UEAAXXZ) referenced in function main
main.obj : error LNK2019: unresolved external symbol "public: __cdecl ProbabilisticLayerTest::ProbabilisticLayerTest(void)" (??0ProbabilisticLayerTest@@QEAA@XZ) referenced in function main
main.obj : error LNK2019: unresolved external symbol "public: virtual __cdecl ProbabilisticLayerTest::~ProbabilisticLayerTest(void)" (??1ProbabilisticLayerTest@@UEAA@XZ) referenced in function main
main.obj : error LNK2019: unresolved external symbol "public: virtual void __cdecl ProbabilisticLayerTest::run_test_case(void)" (?run_test_case@ProbabilisticLayerTest@@UEAAXXZ) referenced in function main
main.obj : error LNK2019: unresolved external symbol "public: __cdecl LongShortTermMemoryLayerTest::LongShortTermMemoryLayerTest(void)" (??0LongShortTermMemoryLayerTest@@QEAA@XZ) referenced in function main
main.obj : error LNK2019: unresolved external symbol "public: virtual __cdecl LongShortTermMemoryLayerTest::~LongShortTermMemoryLayerTest(void)" (??1LongShortTermMemoryLayerTest@@UEAA@XZ) referenced in function main
main.obj : error LNK2019: unresolved external symbol "public: virtual void __cdecl LongShortTermMemoryLayerTest::run_test_case(void)" (?run_test_case@LongShortTermMemoryLayerTest@@UEAAXXZ) referenced in function main
main.obj : error LNK2019: unresolved external symbol "public: __cdecl RecurrentLayerTest::RecurrentLayerTest(void)" (??0RecurrentLayerTest@@QEAA@XZ) referenced in function main
main.obj : error LNK2019: unresolved external symbol "public: virtual __cdecl RecurrentLayerTest::~RecurrentLayerTest(void)" (??1RecurrentLayerTest@@UEAA@XZ) referenced in function main
main.obj : error LNK2019: unresolved external symbol "public: virtual void __cdecl RecurrentLayerTest::run_test_case(void)" (?run_test_case@RecurrentLayerTest@@UEAAXXZ) referenced in function main
main.obj : error LNK2019: unresolved external symbol "public: __cdecl NeuralNetworkTest::NeuralNetworkTest(void)" (??0NeuralNetworkTest@@QEAA@XZ) referenced in function main
main.obj : error LNK2019: unresolved external symbol "public: virtual __cdecl NeuralNetworkTest::~NeuralNetworkTest(void)" (??1NeuralNetworkTest@@UEAA@XZ) referenced in function main
main.obj : error LNK2019: unresolved external symbol "public: virtual void __cdecl NeuralNetworkTest::run_test_case(void)" (?run_test_case@NeuralNetworkTest@@UEAAXXZ) referenced in function main
main.obj : error LNK2019: unresolved external symbol "public: __cdecl SumSquaredErrorTest::SumSquaredErrorTest(void)" (??0SumSquaredErrorTest@@QEAA@XZ) referenced in function main
main.obj : error LNK2019: unresolved external symbol "public: virtual __cdecl SumSquaredErrorTest::~SumSquaredErrorTest(void)" (??1SumSquaredErrorTest@@UEAA@XZ) referenced in function main
main.obj : error LNK2019: unresolved external symbol "public: virtual void __cdecl SumSquaredErrorTest::run_test_case(void)" (?run_test_case@SumSquaredErrorTest@@UEAAXXZ) referenced in function main
main.obj : error LNK2019: unresolved external symbol "public: __cdecl MeanSquaredErrorTest::MeanSquaredErrorTest(void)" (??0MeanSquaredErrorTest@@QEAA@XZ) referenced in function main
main.obj : error LNK2019: unresolved external symbol "public: virtual __cdecl MeanSquaredErrorTest::~MeanSquaredErrorTest(void)" (??1MeanSquaredErrorTest@@UEAA@XZ) referenced in function main
main.obj : error LNK2019: unresolved external symbol "public: virtual void __cdecl MeanSquaredErrorTest::run_test_case(void)" (?run_test_case@MeanSquaredErrorTest@@UEAAXXZ) referenced in function main
main.obj : error LNK2019: unresolved external symbol "public: __cdecl NormalizedSquaredErrorTest::NormalizedSquaredErrorTest(void)" (??0NormalizedSquaredErrorTest@@QEAA@XZ) referenced in function main
main.obj : error LNK2019: unresolved external symbol "public: virtual __cdecl NormalizedSquaredErrorTest::~NormalizedSquaredErrorTest(void)" (??1NormalizedSquaredErrorTest@@UEAA@XZ) referenced in function main
main.obj : error LNK2019: unresolved external symbol "public: virtual void __cdecl NormalizedSquaredErrorTest::run_test_case(void)" (?run_test_case@NormalizedSquaredErrorTest@@UEAAXXZ) referenced in function main
main.obj : error LNK2019: unresolved external symbol "public: __cdecl WeightedSquaredErrorTest::WeightedSquaredErrorTest(void)" (??0WeightedSquaredErrorTest@@QEAA@XZ) referenced in function main
main.obj : error LNK2019: unresolved external symbol "public: virtual __cdecl WeightedSquaredErrorTest::~WeightedSquaredErrorTest(void)" (??1WeightedSquaredErrorTest@@UEAA@XZ) referenced in function main
main.obj : error LNK2019: unresolved external symbol "public: virtual void __cdecl WeightedSquaredErrorTest::run_test_case(void)" (?run_test_case@WeightedSquaredErrorTest@@UEAAXXZ) referenced in function main
main.obj : error LNK2019: unresolved external symbol "public: __cdecl MinkowskiErrorTest::MinkowskiErrorTest(void)" (??0MinkowskiErrorTest@@QEAA@XZ) referenced in function main
main.obj : error LNK2019: unresolved external symbol "public: virtual __cdecl MinkowskiErrorTest::~MinkowskiErrorTest(void)" (??1MinkowskiErrorTest@@UEAA@XZ) referenced in function main
main.obj : error LNK2019: unresolved external symbol "public: virtual void __cdecl MinkowskiErrorTest::run_test_case(void)" (?run_test_case@MinkowskiErrorTest@@UEAAXXZ) referenced in function main
main.obj : error LNK2019: unresolved external symbol "public: __cdecl CrossEntropyErrorTest::CrossEntropyErrorTest(void)" (??0CrossEntropyErrorTest@@QEAA@XZ) referenced in function main
main.obj : error LNK2019: unresolved external symbol "public: virtual __cdecl CrossEntropyErrorTest::~CrossEntropyErrorTest(void)" (??1CrossEntropyErrorTest@@UEAA@XZ) referenced in function main
main.obj : error LNK2019: unresolved external symbol "public: virtual void __cdecl CrossEntropyErrorTest::run_test_case(void)" (?run_test_case@CrossEntropyErrorTest@@UEAAXXZ) referenced in function main
main.obj : error LNK2019: unresolved external symbol "public: __cdecl CrossEntropyError3DTest::CrossEntropyError3DTest(void)" (??0CrossEntropyError3DTest@@QEAA@XZ) referenced in function main
main.obj : error LNK2019: unresolved external symbol "public: virtual __cdecl CrossEntropyError3DTest::~CrossEntropyError3DTest(void)" (??1CrossEntropyError3DTest@@UEAA@XZ) referenced in function main
main.obj : error LNK2019: unresolved external symbol "public: virtual void __cdecl CrossEntropyError3DTest::run_test_case(void)" (?run_test_case@CrossEntropyError3DTest@@UEAAXXZ) referenced in function main
main.obj : error LNK2019: unresolved external symbol "public: __cdecl LearningRateAlgorithmTest::LearningRateAlgorithmTest(void)" (??0LearningRateAlgorithmTest@@QEAA@XZ) referenced in function main
main.obj : error LNK2019: unresolved external symbol "public: virtual __cdecl LearningRateAlgorithmTest::~LearningRateAlgorithmTest(void)" (??1LearningRateAlgorithmTest@@UEAA@XZ) referenced in function main
main.obj : error LNK2019: unresolved external symbol "public: virtual void __cdecl LearningRateAlgorithmTest::run_test_case(void)" (?run_test_case@LearningRateAlgorithmTest@@UEAAXXZ) referenced in function main
main.obj : error LNK2019: unresolved external symbol "public: __cdecl opennn::AdaptiveMomentEstimationTest::AdaptiveMomentEstimationTest(void)" (??0AdaptiveMomentEstimationTest@opennn@@QEAA@XZ) referenced in function main
main.obj : error LNK2019: unresolved external symbol "public: virtual __cdecl opennn::AdaptiveMomentEstimationTest::~AdaptiveMomentEstimationTest(void)" (??1AdaptiveMomentEstimationTest@opennn@@UEAA@XZ) referenced in function main
main.obj : error LNK2019: unresolved external symbol "public: virtual void __cdecl opennn::AdaptiveMomentEstimationTest::run_test_case(void)" (?run_test_case@AdaptiveMomentEstimationTest@opennn@@UEAAXXZ) referenced in function main
main.obj : error LNK2019: unresolved external symbol "public: __cdecl opennn::GradientDescentTest::GradientDescentTest(void)" (??0GradientDescentTest@opennn@@QEAA@XZ) referenced in function main
main.obj : error LNK2019: unresolved external symbol "public: virtual __cdecl opennn::GradientDescentTest::~GradientDescentTest(void)" (??1GradientDescentTest@opennn@@UEAA@XZ) referenced in function main
main.obj : error LNK2019: unresolved external symbol "public: virtual void __cdecl opennn::GradientDescentTest::run_test_case(void)" (?run_test_case@GradientDescentTest@opennn@@UEAAXXZ) referenced in function main
main.obj : error LNK2019: unresolved external symbol "public: __cdecl opennn::StochasticGradientDescentTest::StochasticGradientDescentTest(void)" (??0StochasticGradientDescentTest@opennn@@QEAA@XZ) referenced in function main
main.obj : error LNK2019: unresolved external symbol "public: virtual __cdecl opennn::StochasticGradientDescentTest::~StochasticGradientDescentTest(void)" (??1StochasticGradientDescentTest@opennn@@UEAA@XZ) referenced in function main
main.obj : error LNK2019: unresolved external symbol "public: virtual void __cdecl opennn::StochasticGradientDescentTest::run_test_case(void)" (?run_test_case@StochasticGradientDescentTest@opennn@@UEAAXXZ) referenced in function main
main.obj : error LNK2019: unresolved external symbol "public: __cdecl ConjugateGradientTest::ConjugateGradientTest(void)" (??0ConjugateGradientTest@@QEAA@XZ) referenced in function main
main.obj : error LNK2019: unresolved external symbol "public: virtual __cdecl ConjugateGradientTest::~ConjugateGradientTest(void)" (??1ConjugateGradientTest@@UEAA@XZ) referenced in function main
main.obj : error LNK2019: unresolved external symbol "public: virtual void __cdecl ConjugateGradientTest::run_test_case(void)" (?run_test_case@ConjugateGradientTest@@UEAAXXZ) referenced in function main
main.obj : error LNK2019: unresolved external symbol "public: __cdecl QuasiNewtonMethodTest::QuasiNewtonMethodTest(void)" (??0QuasiNewtonMethodTest@@QEAA@XZ) referenced in function main
main.obj : error LNK2019: unresolved external symbol "public: virtual __cdecl QuasiNewtonMethodTest::~QuasiNewtonMethodTest(void)" (??1QuasiNewtonMethodTest@@UEAA@XZ) referenced in function main
main.obj : error LNK2019: unresolved external symbol "public: virtual void __cdecl QuasiNewtonMethodTest::run_test_case(void)" (?run_test_case@QuasiNewtonMethodTest@@UEAAXXZ) referenced in function main
main.obj : error LNK2019: unresolved external symbol "public: __cdecl LevenbergMarquardtAlgorithmTest::LevenbergMarquardtAlgorithmTest(void)" (??0LevenbergMarquardtAlgorithmTest@@QEAA@XZ) referenced in function main
main.obj : error LNK2019: unresolved external symbol "public: virtual __cdecl LevenbergMarquardtAlgorithmTest::~LevenbergMarquardtAlgorithmTest(void)" (??1LevenbergMarquardtAlgorithmTest@@UEAA@XZ) referenced in function main
main.obj : error LNK2019: unresolved external symbol "public: virtual void __cdecl LevenbergMarquardtAlgorithmTest::run_test_case(void)" (?run_test_case@LevenbergMarquardtAlgorithmTest@@UEAAXXZ) referenced in function main
main.obj : error LNK2019: unresolved external symbol "public: __cdecl TrainingStrategyTest::TrainingStrategyTest(void)" (??0TrainingStrategyTest@@QEAA@XZ) referenced in function main
main.obj : error LNK2019: unresolved external symbol "public: virtual __cdecl TrainingStrategyTest::~TrainingStrategyTest(void)" (??1TrainingStrategyTest@@UEAA@XZ) referenced in function main
main.obj : error LNK2019: unresolved external symbol "public: virtual void __cdecl TrainingStrategyTest::run_test_case(void)" (?run_test_case@TrainingStrategyTest@@UEAAXXZ) referenced in function main
main.obj : error LNK2019: unresolved external symbol "public: __cdecl ModelSelectionTest::ModelSelectionTest(void)" (??0ModelSelectionTest@@QEAA@XZ) referenced in function main
main.obj : error LNK2019: unresolved external symbol "public: virtual __cdecl ModelSelectionTest::~ModelSelectionTest(void)" (??1ModelSelectionTest@@UEAA@XZ) referenced in function main
main.obj : error LNK2019: unresolved external symbol "public: virtual void __cdecl ModelSelectionTest::run_test_case(void)" (?run_test_case@ModelSelectionTest@@UEAAXXZ) referenced in function main
main.obj : error LNK2019: unresolved external symbol "public: __cdecl NeuronsSelectionTest::NeuronsSelectionTest(void)" (??0NeuronsSelectionTest@@QEAA@XZ) referenced in function main
main.obj : error LNK2019: unresolved external symbol "public: virtual __cdecl NeuronsSelectionTest::~NeuronsSelectionTest(void)" (??1NeuronsSelectionTest@@UEAA@XZ) referenced in function main
main.obj : error LNK2019: unresolved external symbol "public: virtual void __cdecl NeuronsSelectionTest::run_test_case(void)" (?run_test_case@NeuronsSelectionTest@@UEAAXXZ) referenced in function main
main.obj : error LNK2019: unresolved external symbol "public: __cdecl GrowingNeuronsTest::GrowingNeuronsTest(void)" (??0GrowingNeuronsTest@@QEAA@XZ) referenced in function main
main.obj : error LNK2019: unresolved external symbol "public: virtual __cdecl GrowingNeuronsTest::~GrowingNeuronsTest(void)" (??1GrowingNeuronsTest@@UEAA@XZ) referenced in function main
main.obj : error LNK2019: unresolved external symbol "public: virtual void __cdecl GrowingNeuronsTest::run_test_case(void)" (?run_test_case@GrowingNeuronsTest@@UEAAXXZ) referenced in function main
main.obj : error LNK2019: unresolved external symbol "public: __cdecl InputsSelectionTest::InputsSelectionTest(void)" (??0InputsSelectionTest@@QEAA@XZ) referenced in function main
main.obj : error LNK2019: unresolved external symbol "public: virtual __cdecl InputsSelectionTest::~InputsSelectionTest(void)" (??1InputsSelectionTest@@UEAA@XZ) referenced in function main
main.obj : error LNK2019: unresolved external symbol "public: virtual void __cdecl InputsSelectionTest::run_test_case(void)" (?run_test_case@InputsSelectionTest@@UEAAXXZ) referenced in function main
main.obj : error LNK2019: unresolved external symbol "public: __cdecl GrowingInputsTest::GrowingInputsTest(void)" (??0GrowingInputsTest@@QEAA@XZ) referenced in function main
main.obj : error LNK2019: unresolved external symbol "public: virtual __cdecl GrowingInputsTest::~GrowingInputsTest(void)" (??1GrowingInputsTest@@UEAA@XZ) referenced in function main
main.obj : error LNK2019: unresolved external symbol "public: virtual void __cdecl GrowingInputsTest::run_test_case(void)" (?run_test_case@GrowingInputsTest@@UEAAXXZ) referenced in function main
main.obj : error LNK2019: unresolved external symbol "public: __cdecl GeneticAlgorithmTest::GeneticAlgorithmTest(void)" (??0GeneticAlgorithmTest@@QEAA@XZ) referenced in function main
main.obj : error LNK2019: unresolved external symbol "public: virtual __cdecl GeneticAlgorithmTest::~GeneticAlgorithmTest(void)" (??1GeneticAlgorithmTest@@UEAA@XZ) referenced in function main
main.obj : error LNK2019: unresolved external symbol "public: virtual void __cdecl GeneticAlgorithmTest::run_test_case(void)" (?run_test_case@GeneticAlgorithmTest@@UEAAXXZ) referenced in function main
main.obj : error LNK2019: unresolved external symbol "public: __cdecl CorrelationsTest::CorrelationsTest(void)" (??0CorrelationsTest@@QEAA@XZ) referenced in function main
main.obj : error LNK2019: unresolved external symbol "public: virtual __cdecl CorrelationsTest::~CorrelationsTest(void)" (??1CorrelationsTest@@UEAA@XZ) referenced in function main
main.obj : error LNK2019: unresolved external symbol "public: virtual void __cdecl CorrelationsTest::run_test_case(void)" (?run_test_case@CorrelationsTest@@UEAAXXZ) referenced in function main
main.obj : error LNK2019: unresolved external symbol "public: __cdecl TensorUtilitiesTest::TensorUtilitiesTest(void)" (??0TensorUtilitiesTest@@QEAA@XZ) referenced in function main
main.obj : error LNK2019: unresolved external symbol "public: virtual __cdecl TensorUtilitiesTest::~TensorUtilitiesTest(void)" (??1TensorUtilitiesTest@@UEAA@XZ) referenced in function main
main.obj : error LNK2019: unresolved external symbol "public: virtual void __cdecl TensorUtilitiesTest::run_test_case(void)" (?run_test_case@TensorUtilitiesTest@@UEAAXXZ) referenced in function main
main.obj : error LNK2019: unresolved external symbol "public: __cdecl TestingAnalysisTest::TestingAnalysisTest(void)" (??0TestingAnalysisTest@@QEAA@XZ) referenced in function main
main.obj : error LNK2019: unresolved external symbol "public: virtual __cdecl TestingAnalysisTest::~TestingAnalysisTest(void)" (??1TestingAnalysisTest@@UEAA@XZ) referenced in function main
main.obj : error LNK2019: unresolved external symbol "public: virtual void __cdecl TestingAnalysisTest::run_test_case(void)" (?run_test_case@TestingAnalysisTest@@UEAAXXZ) referenced in function main
main.obj : error LNK2019: unresolved external symbol "public: __cdecl ResponseOptimizationTest::ResponseOptimizationTest(void)" (??0ResponseOptimizationTest@@QEAA@XZ) referenced in function main
main.obj : error LNK2019: unresolved external symbol "public: virtual __cdecl ResponseOptimizationTest::~ResponseOptimizationTest(void)" (??1ResponseOptimizationTest@@UEAA@XZ) referenced in function main
main.obj : error LNK2019: unresolved external symbol "public: virtual void __cdecl ResponseOptimizationTest::run_test_case(void)" (?run_test_case@ResponseOptimizationTest@@UEAAXXZ) referenced in function main
bin\tests.exe : fatal error LNK1120: 123 unresolved externals
